<?xml version="1.0" encoding="UTF-8"?>
<testsuite xmlns:xsi="http://www.w3.org/2001/XMLSchema-instance" xsi:noNamespaceSchemaLocation="https://maven.apache.org/surefire/maven-surefire-plugin/xsd/surefire-test-report-3.0.xsd" version="3.0" name="com.jobapp.myjobapp.MyjobappApplicationTests" time="3.402" tests="1" errors="0" skipped="0" failures="0">
  <properties>
[...]
</properties>
  <testcase name="contextLoads" classname="com.jobapp.myjobapp.MyjobappApplicationTests" time="0.932">
    <system-out><![CDATA[00:59:10.383 [main] INFO org.springframework.test.context.support.AnnotationConfigContextLoaderUtils -- Could not detect default configuration classes for test class [com.jobapp.myjobapp.MyjobappApplicationTests]: MyjobappApplicationTests does not declare any static, non-private, non-final, nested classes annotated with @Configuration.
00:59:10.502 [main] INFO org.springframework.boot.test.context.SpringBootTestContextBootstrapper -- Found @SpringBootConfiguration com.jobapp.myjobapp.MyjobappApplication for test class com.jobapp.myjobapp.MyjobappApplicationTests

  .   ____          _            __ _ _
 /\\ / ___'_ __ _ _(_)_ __  __ _ \ \ \ \
( ( )\___ | '_ | '_| | '_ \/ _` | \ \ \ \
 \\/  ___)| |_)| | | | | || (_| |  ) ) ) )
  '  |____| .__|_| |_|_| |_\__, | / / / /
 =========|_|==============|___/=/_/_/_/

 :: Spring Boot ::                (v3.3.5)

2024-10-28T00:59:11.162-04:00  INFO 47436 --- [myjobapp] [           main] c.j.myjobapp.MyjobappApplicationTests    : Starting MyjobappApplicationTests using Java 22.0.1 with PID 47436 (started by dhola in f:\Java\JobApp\myjobapp)
2024-10-28T00:59:11.164-04:00  INFO 47436 --- [myjobapp] [           main] c.j.myjobapp.MyjobappApplicationTests    : No active profile set, falling back to 1 default profile: "default"
2024-10-28T00:59:12.587-04:00  INFO 47436 --- [myjobapp] [           main] c.j.myjobapp.MyjobappApplicationTests    : Started MyjobappApplicationTests in 1.887 seconds (process running for 3.041)
]]></system-out>
    <system-err><![CDATA[WARNING: A Java agent has been loaded dynamically (C:\Users\dhola\.m2\repository\net\bytebuddy\byte-buddy-agent\1.14.19\byte-buddy-agent-1.14.19.jar)
WARNING: If a serviceability tool is in use, please run with -XX:+EnableDynamicAgentLoading to hide this warning
WARNING: If a serviceability tool is not in use, please run with -Djdk.instrument.traceUsage for more information
WARNING: Dynamic loading of agents will be disallowed by default in a future release
]]></system-err>
  </testcase>
</testsuite>